2016-07-16 17:30:12 [scrapy] INFO: Scrapy 1.1.1 started (bot: wikiSpider)
2016-07-16 17:30:12 [scrapy] INFO: Overridden settings: {'NEWSPIDER_MODULE': 'wikiSpider.spiders', 'ROBOTSTXT_OBEY': True, 'SPIDER_MODULES': ['wikiSpider.spiders'], 'LOG_FILE': 'wiki.log', 'BOT_NAME': 'wikiSpider'}
2016-07-16 17:30:12 [scrapy] INFO: Enabled extensions:
['scrapy.extensions.logstats.LogStats',
 'scrapy.extensions.telnet.TelnetConsole',
 'scrapy.extensions.corestats.CoreStats']
2016-07-16 17:30:13 [scrapy] INFO: Enabled downloader middlewares:
['scrapy.downloadermiddlewares.robotstxt.RobotsTxtMiddleware',
 'scrapy.downloadermiddlewares.httpauth.HttpAuthMiddleware',
 'scrapy.downloadermiddlewares.downloadtimeout.DownloadTimeoutMiddleware',
 'scrapy.downloadermiddlewares.useragent.UserAgentMiddleware',
 'scrapy.downloadermiddlewares.retry.RetryMiddleware',
 'scrapy.downloadermiddlewares.defaultheaders.DefaultHeadersMiddleware',
 'scrapy.downloadermiddlewares.redirect.MetaRefreshMiddleware',
 'scrapy.downloadermiddlewares.httpcompression.HttpCompressionMiddleware',
 'scrapy.downloadermiddlewares.redirect.RedirectMiddleware',
 'scrapy.downloadermiddlewares.cookies.CookiesMiddleware',
 'scrapy.downloadermiddlewares.chunked.ChunkedTransferMiddleware',
 'scrapy.downloadermiddlewares.stats.DownloaderStats']
2016-07-16 17:30:13 [scrapy] INFO: Enabled spider middlewares:
['scrapy.spidermiddlewares.httperror.HttpErrorMiddleware',
 'scrapy.spidermiddlewares.offsite.OffsiteMiddleware',
 'scrapy.spidermiddlewares.referer.RefererMiddleware',
 'scrapy.spidermiddlewares.urllength.UrlLengthMiddleware',
 'scrapy.spidermiddlewares.depth.DepthMiddleware']
2016-07-16 17:30:13 [scrapy] INFO: Enabled item pipelines:
[]
2016-07-16 17:30:13 [scrapy] INFO: Spider opened
2016-07-16 17:30:13 [scrapy] INFO: Crawled 0 pages (at 0 pages/min), scraped 0 items (at 0 items/min)
2016-07-16 17:30:13 [scrapy] DEBUG: Telnet console listening on 127.0.0.1:6023
2016-07-16 17:30:14 [scrapy] DEBUG: Redirecting (301) to <GET https://en.wikipedia.org/robots.txt> from <GET http://en.wikipedia.org/robots.txt>
2016-07-16 17:30:14 [scrapy] DEBUG: Crawled (200) <GET https://en.wikipedia.org/robots.txt> (referer: None)
2016-07-16 17:30:14 [py.warnings] WARNING: /Library/Frameworks/Python.framework/Versions/2.7/lib/python2.7/urllib.py:1303: UnicodeWarning: Unicode equal comparison failed to convert both arguments to Unicode - interpreting them as being unequal
  return ''.join(map(quoter, s))

2016-07-16 17:30:14 [scrapy] ERROR: Error downloading <GET http://en.wikipedia.org/robots.txt>: u'\xd8'
Traceback (most recent call last):
  File "/Library/Frameworks/Python.framework/Versions/2.7/lib/python2.7/site-packages/twisted/internet/defer.py", line 588, in _runCallbacks
    current.result = callback(current.result, *args, **kw)
  File "/Library/Frameworks/Python.framework/Versions/2.7/lib/python2.7/site-packages/scrapy/downloadermiddlewares/robotstxt.py", line 97, in _parse_robots
    rp.parse(body.splitlines())
  File "/Library/Frameworks/Python.framework/Versions/2.7/lib/python2.7/robotparser.py", line 120, in parse
    entry.rulelines.append(RuleLine(line[1], False))
  File "/Library/Frameworks/Python.framework/Versions/2.7/lib/python2.7/robotparser.py", line 174, in __init__
    self.path = urllib.quote(path)
  File "/Library/Frameworks/Python.framework/Versions/2.7/lib/python2.7/urllib.py", line 1303, in quote
    return ''.join(map(quoter, s))
KeyError: u'\xd8'
2016-07-16 17:30:15 [scrapy] DEBUG: Redirecting (301) to <GET https://en.wikipedia.org/wiki/Python_%28programming_language%29> from <GET http://en.wikipedia.org/wiki/Python_%28programming_language%29>
2016-07-16 17:30:15 [scrapy] DEBUG: Crawled (200) <GET https://en.wikipedia.org/wiki/Python_%28programming_language%29> (referer: None)
2016-07-16 17:30:15 [scrapy] DEBUG: Scraped from <200 https://en.wikipedia.org/wiki/Python_%28programming_language%29>
{'title': u'Python (programming language)'}
2016-07-16 17:30:15 [scrapy] INFO: Closing spider (finished)
2016-07-16 17:30:15 [scrapy] INFO: Dumping Scrapy stats:
{'downloader/request_bytes': 1082,
 'downloader/request_count': 4,
 'downloader/request_method_count/GET': 4,
 'downloader/response_bytes': 71564,
 'downloader/response_count': 4,
 'downloader/response_status_count/200': 2,
 'downloader/response_status_count/301': 2,
 'finish_reason': 'finished',
 'finish_time': datetime.datetime(2016, 7, 16, 9, 30, 15, 730893),
 'item_scraped_count': 1,
 'log_count/DEBUG': 6,
 'log_count/ERROR': 1,
 'log_count/INFO': 7,
 'log_count/WARNING': 1,
 'response_received_count': 2,
 'scheduler/dequeued': 2,
 'scheduler/dequeued/memory': 2,
 'scheduler/enqueued': 2,
 'scheduler/enqueued/memory': 2,
 'start_time': datetime.datetime(2016, 7, 16, 9, 30, 13, 659847)}
2016-07-16 17:30:15 [scrapy] INFO: Spider closed (finished)
